1543377574650	mozrunner::runner	INFO	Running command: "/usr/bin/firefox" "-marionette" "-foreground" "-no-remote" "-profile" "/tmp/rust_mozprofile.mtfiFrksNjaK"
1543377575595	addons.webextension.screenshots@mozilla.org	WARN	Loading extension 'screenshots@mozilla.org': Reading manifest: Invalid host permission: resource://pdf.js/
1543377575596	addons.webextension.screenshots@mozilla.org	WARN	Loading extension 'screenshots@mozilla.org': Reading manifest: Invalid host permission: about:reader*
1543377578464	Marionette	INFO	Listening on port 33819
1543377578603	Marionette	WARN	TLS certificate errors will be ignored for this session
1543377617460	Marionette	INFO	Stopped listening on port 33819
1543387696891	mozrunner::runner	INFO	Running command: "/usr/bin/firefox" "-marionette" "-foreground" "-no-remote" "-profile" "/tmp/rust_mozprofile.GXzzEsUDU0a3"
1543387697180	addons.webextension.screenshots@mozilla.org	WARN	Loading extension 'screenshots@mozilla.org': Reading manifest: Invalid host permission: resource://pdf.js/
1543387697181	addons.webextension.screenshots@mozilla.org	WARN	Loading extension 'screenshots@mozilla.org': Reading manifest: Invalid host permission: about:reader*
1543387699518	Marionette	INFO	Listening on port 34457
1543387699619	Marionette	WARN	TLS certificate errors will be ignored for this session
JavaScript error: resource://activity-stream/lib/ActivityStreamPrefs.jsm, line 29: NS_ERROR_ILLEGAL_VALUE: Component returned failure code: 0x80070057 (NS_ERROR_ILLEGAL_VALUE) [nsIPrefBranch.removeObserver]
[Parent 14108, Gecko_IOThread] WARNING: pipe error (73): Connection reset by peer: file /build/firefox-FGFopK/firefox-64.0~b3+build1/ipc/chromium/src/chrome/common/ipc_channel_posix.cc, line 363

###!!! [Parent][DispatchAsyncMessage] Error: PBackgroundIDBFactory::Msg_PBackgroundIDBFactoryRequestConstructor Value error: message was deserialized, but contained an illegal value


###!!! [Parent][DispatchAsyncMessage] Error: PBackgroundIDBFactory::Msg_PBackgroundIDBFactoryRequestConstructor Value error: message was deserialized, but contained an illegal value

1543387702489	Marionette	INFO	Stopped listening on port 34457
1543387786842	mozrunner::runner	INFO	Running command: "/usr/bin/firefox" "-marionette" "-foreground" "-no-remote" "-profile" "/tmp/rust_mozprofile.ttWvgVaRNLDr"
1543387787219	addons.webextension.screenshots@mozilla.org	WARN	Loading extension 'screenshots@mozilla.org': Reading manifest: Invalid host permission: resource://pdf.js/
1543387787220	addons.webextension.screenshots@mozilla.org	WARN	Loading extension 'screenshots@mozilla.org': Reading manifest: Invalid host permission: about:reader*
1543387789458	Marionette	INFO	Listening on port 44519
1543387789557	Marionette	WARN	TLS certificate errors will be ignored for this session
[Parent 14675, Gecko_IOThread] WARNING: pipe error (92): Connection reset by peer: file /build/firefox-FGFopK/firefox-64.0~b3+build1/ipc/chromium/src/chrome/common/ipc_channel_posix.cc, line 363
[Parent 14675, Gecko_IOThread] WARNING: pipe error (73): Connection reset by peer: file /build/firefox-FGFopK/firefox-64.0~b3+build1/ipc/chromium/src/chrome/common/ipc_channel_posix.cc, line 363
1543387821937	Marionette	INFO	Stopped listening on port 44519
